<?xml version="1.0" encoding="UTF-8"?>
<testng-results ignored="0" total="1" passed="1" failed="0" skipped="0">
  <reporter-output>
  </reporter-output>
  <suite started-at="2022-02-22T20:52:08 IST" name="Default suite" finished-at="2022-02-22T20:52:39 IST" duration-ms="31066">
    <groups>
      <group name="cucumber">
        <method signature="AbstractTestNGCucumberTests.runScenario(io.cucumber.testng.PickleWrapper,io.cucumber.testng.FeatureWrapper)[pri:0, instance:runner.MyRunner@4a883b15]" name="runScenario" class="io.cucumber.testng.AbstractTestNGCucumberTests"/>
      </group> <!-- cucumber -->
    </groups>
    <test started-at="2022-02-22T20:52:08 IST" name="Default test" finished-at="2022-02-22T20:52:39 IST" duration-ms="31066">
      <class name="runner.MyRunner">
        <test-method is-config="true" signature="setUpClass()[pri:0, instance:runner.MyRunner@4a883b15]" started-at="2022-02-22T20:52:08 IST" name="setUpClass" finished-at="2022-02-22T20:52:10 IST" duration-ms="1496" status="PASS">
          <reporter-output>
          </reporter-output>
        </test-method> <!-- setUpClass -->
        <test-method signature="runScenario(io.cucumber.testng.PickleWrapper,io.cucumber.testng.FeatureWrapper)[pri:0, instance:runner.MyRunner@4a883b15]" started-at="2022-02-22T20:52:10 IST" name="runScenario" description="Runs Cucumber Scenarios" data-provider="scenarios" finished-at="2022-02-22T20:52:39 IST" duration-ms="29204" status="PASS">
          <params>
            <param index="0">
              <value>
                <![CDATA["Creating the Leads inside Application"]]>
              </value>
            </param>
            <param index="1">
              <value>
                <![CDATA["Optional[Managing the leads of my project]"]]>
              </value>
            </param>
          </params>
          <reporter-output>
          </reporter-output>
        </test-method> <!-- runScenario -->
        <test-method is-config="true" signature="tearDownClass()[pri:0, instance:runner.MyRunner@4a883b15]" started-at="2022-02-22T20:52:39 IST" name="tearDownClass" finished-at="2022-02-22T20:52:39 IST" duration-ms="266" status="PASS">
          <reporter-output>
          </reporter-output>
        </test-method> <!-- tearDownClass -->
      </class> <!-- runner.MyRunner -->
    </test> <!-- Default test -->
  </suite> <!-- Default suite -->
</testng-results>
