<?xml version="1.0" encoding="UTF-8"?>
<!-- Generated by org.testng.reporters.JUnitXMLReporter -->
<testsuite hostname="Renu" ignored="3" name="Create Portfolio Create New Portfolio iteration 1" tests="1" failures="0" timestamp="2022-03-05T11:50:37 IST" time="110.564" errors="0">
  <testcase name="createPortfolio" time="5.579" classname="testcases.rediff.PortfolioManagement"/>
  <testcase name="deletePortfolio" time="0.0" classname="testcases.rediff.PortfolioManagement">
    <ignored/>
  </testcase> <!-- deletePortfolio -->
  <testcase name="selectPortFolio" time="0.0" classname="testcases.rediff.PortfolioManagement">
    <ignored/>
  </testcase> <!-- selectPortFolio -->
  <testcase name="verifyPortfolio" time="0.0" classname="testcases.rediff.PortfolioManagement">
    <ignored/>
  </testcase> <!-- verifyPortfolio -->
</testsuite> <!-- Create Portfolio Create New Portfolio iteration 1 -->
