<?xml version="1.0" encoding="UTF-8"?>
<testng-results skipped="0" failed="1" ignored="0" total="1" passed="0">
  <reporter-output>
  </reporter-output>
  <suite name="Test Runner" duration-ms="13910" started-at="2022-02-19T14:28:09 IST" finished-at="2022-02-19T14:28:23 IST">
    <groups>
      <group name="cucumber">
        <method signature="AbstractTestNGCucumberTests.runScenario(io.cucumber.testng.PickleWrapper, io.cucumber.testng.FeatureWrapper)[pri:0, instance:runner.MyRunner@2a17b7b6]" name="runScenario" class="io.cucumber.testng.AbstractTestNGCucumberTests"/>
      </group> <!-- cucumber -->
    </groups>
    <test name="Cucumber Runner" duration-ms="13910" started-at="2022-02-19T14:28:09 IST" finished-at="2022-02-19T14:28:23 IST">
      <class name="runner.MyRunner">
        <test-method status="PASS" signature="setUpClass()[pri:0, instance:runner.MyRunner@2a17b7b6]" name="setUpClass" is-config="true" duration-ms="935" started-at="2022-02-19T14:28:09 IST" finished-at="2022-02-19T14:28:10 IST">
          <reporter-output>
          </reporter-output>
        </test-method> <!-- setUpClass -->
        <test-method status="FAIL" signature="runScenario(io.cucumber.testng.PickleWrapper, io.cucumber.testng.FeatureWrapper)[pri:0, instance:runner.MyRunner@2a17b7b6]" name="runScenario" duration-ms="12748" started-at="2022-02-19T14:28:10 IST" description="Runs Cucumber Scenarios" data-provider="scenarios" finished-at="2022-02-19T14:28:23 IST">
          <params>
            <param index="0">
              <value>
                <![CDATA["Creating the Leads inside Application"]]>
              </value>
            </param>
            <param index="1">
              <value>
                <![CDATA["Optional[Managing the leads of my project]"]]>
              </value>
            </param>
          </params>
          <exception class="java.lang.Error">
            <message>
              <![CDATA[Unresolved compilation problem: 
app4 cannot be resolved
]]>
            </message>
            <full-stacktrace>
              <![CDATA[java.lang.Error: Unresolved compilation problem: 
app4 cannot be resolved

at zoho.pages.HomePage.gotologinpage(HomePage.java:19)
at zoho.teststeps.session.website(session.java:25)
at ✽.i am logging into website https://zoho.com(file:///E:/Selenium_IDE_Code_WorkSpace/Feb2022_CucumberFramework_PageObjectModel/src/test/resources/zoho/leads.feature:24)
]]>
            </full-stacktrace>
          </exception> <!-- java.lang.Error -->
          <reporter-output>
          </reporter-output>
        </test-method> <!-- runScenario -->
        <test-method status="PASS" signature="tearDownClass()[pri:0, instance:runner.MyRunner@2a17b7b6]" name="tearDownClass" is-config="true" duration-ms="114" started-at="2022-02-19T14:28:23 IST" finished-at="2022-02-19T14:28:23 IST">
          <reporter-output>
          </reporter-output>
        </test-method> <!-- tearDownClass -->
      </class> <!-- runner.MyRunner -->
    </test> <!-- Cucumber Runner -->
  </suite> <!-- Test Runner -->
</testng-results>
