<?xml version="1.0" encoding="UTF-8"?>
<!-- Generated by org.testng.reporters.JUnitReportReporter -->
<testsuite skipped="0" hostname="Renu" name="runner.MyRunner" tests="1" failures="0" timestamp="2022-02-19T14:28:23 IST" time="12.748" errors="1">
  <testcase name="runScenario" time="12.748" classname="runner.MyRunner">
    <error type="java.lang.Error" message="Unresolved compilation problem: 
	app4 cannot be resolved
">
      <![CDATA[java.lang.Error: Unresolved compilation problem: 
app4 cannot be resolved

at zoho.pages.HomePage.gotologinpage(HomePage.java:19)
at zoho.teststeps.session.website(session.java:25)
at ✽.i am logging into website https://zoho.com(file:///E:/Selenium_IDE_Code_WorkSpace/Feb2022_CucumberFramework_PageObjectModel/src/test/resources/zoho/leads.feature:24)
]]>
    </error>
  </testcase> <!-- runScenario -->
  <system-out/>
</testsuite> <!-- runner.MyRunner -->
