<?xml version="1.0" encoding="UTF-8"?>
<!-- Generated by org.testng.reporters.JUnitXMLReporter -->
<testsuite hostname="Renu" ignored="0" name="Cucumber Runner" tests="1" failures="1" timestamp="2022-02-19T14:28:23 IST" time="13.91" errors="0">
  <testcase name="runScenario" time="12.748" classname="io.cucumber.testng.AbstractTestNGCucumberTests">
    <failure type="java.lang.Error" message="Unresolved compilation problem: 
	app4 cannot be resolved
">
      <![CDATA[java.lang.Error: Unresolved compilation problem: 
app4 cannot be resolved

at zoho.pages.HomePage.gotologinpage(HomePage.java:19)
at zoho.teststeps.session.website(session.java:25)
at ✽.i am logging into website https://zoho.com(file:///E:/Selenium_IDE_Code_WorkSpace/Feb2022_CucumberFramework_PageObjectModel/src/test/resources/zoho/leads.feature:24)
]]>
    </failure>
  </testcase> <!-- runScenario -->
</testsuite> <!-- Cucumber Runner -->
